2017-08-02 18:35:55  [ localhost-startStop-1:0 ] - [ INFO ]  Root WebApplicationContext: initialization started
2017-08-02 18:35:55  [ localhost-startStop-1:44 ] - [ INFO ]  Refreshing Root WebApplicationContext: startup date [Wed Aug 02 18:35:55 CST 2017]; root of context hierarchy
2017-08-02 18:35:55  [ localhost-startStop-1:80 ] - [ INFO ]  Loading XML bean definitions from class path resource [spring-mybatis.xml]
2017-08-02 18:35:56  [ localhost-startStop-1:411 ] - [ INFO ]  JSR-330 'javax.inject.Inject' annotation found and supported for autowiring
2017-08-02 18:35:56  [ localhost-startStop-1:893 ] - [ INFO ]  Root WebApplicationContext: initialization completed in 890 ms
2017-08-02 18:35:56  [ localhost-startStop-1:922 ] - [ INFO ]  FrameworkServlet 'springmvc': initialization started
2017-08-02 18:35:56  [ localhost-startStop-1:926 ] - [ INFO ]  Refreshing WebApplicationContext for namespace 'springmvc-servlet': startup date [Wed Aug 02 18:35:56 CST 2017]; parent: Root WebApplicationContext
2017-08-02 18:35:56  [ localhost-startStop-1:926 ] - [ INFO ]  Loading XML bean definitions from class path resource [springmvc-servlet.xml]
2017-08-02 18:35:56  [ localhost-startStop-1:1045 ] - [ INFO ]  JSR-330 'javax.inject.Inject' annotation found and supported for autowiring
2017-08-02 18:35:56  [ localhost-startStop-1:1204 ] - [ INFO ]  Mapped URL path [/**] onto handler 'org.springframework.web.servlet.resource.DefaultServletHttpRequestHandler#0'
2017-08-02 18:35:57  [ localhost-startStop-1:1272 ] - [ INFO ]  Mapped "{[/hello],methods=[GET]}" onto public java.lang.String cc.hansam.springmvc.controller.HelloController.printHello(org.springframework.ui.ModelMap)
2017-08-02 18:35:57  [ localhost-startStop-1:1276 ] - [ INFO ]  Mapped "{[/restcontroller/v1.0/new/{project}],methods=[GET]}" onto public java.lang.String cc.hansam.springmvc.controller.RestController.demo01(java.lang.String,javax.servlet.http.HttpServletRequest)
2017-08-02 18:35:57  [ localhost-startStop-1:1276 ] - [ INFO ]  Mapped "{[/restcontroller/v4.0/new/{project}],methods=[GET]}" onto public com.alibaba.fastjson.JSONObject cc.hansam.springmvc.controller.RestController.demo04(java.lang.String,javax.servlet.http.HttpServletRequest)
2017-08-02 18:35:57  [ localhost-startStop-1:1277 ] - [ INFO ]  Mapped "{[/restcontroller/v3.0/new/{project}],methods=[GET]}" onto public java.util.List<cc.hansam.springmvc.po.Student> cc.hansam.springmvc.controller.RestController.demo03(java.lang.String,javax.servlet.http.HttpServletRequest)
2017-08-02 18:35:57  [ localhost-startStop-1:1277 ] - [ INFO ]  Mapped "{[/restcontroller/v6.0/new/{project}],methods=[POST]}" onto public com.alibaba.fastjson.JSON cc.hansam.springmvc.controller.RestController.demo06(java.lang.String,javax.servlet.http.HttpServletRequest,java.lang.String,int,int)
2017-08-02 18:35:57  [ localhost-startStop-1:1278 ] - [ INFO ]  Mapped "{[/restcontroller/v2.0/new/{project}],methods=[GET]}" onto public cc.hansam.springmvc.po.Student cc.hansam.springmvc.controller.RestController.demo02(java.lang.String,javax.servlet.http.HttpServletRequest)
2017-08-02 18:35:57  [ localhost-startStop-1:1279 ] - [ INFO ]  Mapped "{[/restcontroller/v5.0/new/{project}],methods=[POST]}" onto public com.alibaba.fastjson.JSONObject cc.hansam.springmvc.controller.RestController.demo05(java.lang.String,javax.servlet.http.HttpServletRequest,java.lang.String)
2017-08-02 18:35:57  [ localhost-startStop-1:1280 ] - [ INFO ]  Mapped "{[/student],methods=[GET]}" onto public org.springframework.web.servlet.ModelAndView cc.hansam.springmvc.controller.StudentController.student()
2017-08-02 18:35:57  [ localhost-startStop-1:1281 ] - [ INFO ]  Mapped "{[/addStudent],methods=[POST]}" onto public java.lang.String cc.hansam.springmvc.controller.StudentController.addStudent(cc.hansam.springmvc.po.Student,org.springframework.ui.ModelMap)
2017-08-02 18:35:57  [ localhost-startStop-1:1281 ] - [ INFO ]  Mapped "{[/ssm]}" onto public void cc.hansam.springmvc.controller.StudentController.test1()
2017-08-02 18:35:57  [ localhost-startStop-1:1517 ] - [ INFO ]  Looking for @ControllerAdvice: WebApplicationContext for namespace 'springmvc-servlet': startup date [Wed Aug 02 18:35:56 CST 2017]; parent: Root WebApplicationContext
2017-08-02 18:35:57  [ localhost-startStop-1:1564 ] - [ INFO ]  Looking for @ControllerAdvice: WebApplicationContext for namespace 'springmvc-servlet': startup date [Wed Aug 02 18:35:56 CST 2017]; parent: Root WebApplicationContext
2017-08-02 18:35:57  [ localhost-startStop-1:1653 ] - [ INFO ]  FrameworkServlet 'springmvc': initialization completed in 730 ms
2017-08-02 18:36:06  [ http-bio-8080-exec-1:10795 ] - [ INFO ]  null
2017-08-02 18:37:33  [ localhost-startStop-1:0 ] - [ INFO ]  Root WebApplicationContext: initialization started
2017-08-02 18:37:33  [ localhost-startStop-1:50 ] - [ INFO ]  Refreshing Root WebApplicationContext: startup date [Wed Aug 02 18:37:33 CST 2017]; root of context hierarchy
2017-08-02 18:37:33  [ localhost-startStop-1:84 ] - [ INFO ]  Loading XML bean definitions from class path resource [spring-mybatis.xml]
2017-08-02 18:37:33  [ localhost-startStop-1:443 ] - [ INFO ]  JSR-330 'javax.inject.Inject' annotation found and supported for autowiring
2017-08-02 18:37:34  [ localhost-startStop-1:945 ] - [ INFO ]  Root WebApplicationContext: initialization completed in 942 ms
2017-08-02 18:37:34  [ localhost-startStop-1:978 ] - [ INFO ]  FrameworkServlet 'springmvc': initialization started
2017-08-02 18:37:34  [ localhost-startStop-1:981 ] - [ INFO ]  Refreshing WebApplicationContext for namespace 'springmvc-servlet': startup date [Wed Aug 02 18:37:34 CST 2017]; parent: Root WebApplicationContext
2017-08-02 18:37:34  [ localhost-startStop-1:981 ] - [ INFO ]  Loading XML bean definitions from class path resource [springmvc-servlet.xml]
2017-08-02 18:37:34  [ localhost-startStop-1:1090 ] - [ INFO ]  JSR-330 'javax.inject.Inject' annotation found and supported for autowiring
2017-08-02 18:37:34  [ localhost-startStop-1:1215 ] - [ INFO ]  Mapped URL path [/**] onto handler 'org.springframework.web.servlet.resource.DefaultServletHttpRequestHandler#0'
2017-08-02 18:37:34  [ localhost-startStop-1:1282 ] - [ INFO ]  Mapped "{[/hello],methods=[GET]}" onto public java.lang.String cc.hansam.springmvc.controller.HelloController.printHello(org.springframework.ui.ModelMap)
2017-08-02 18:37:34  [ localhost-startStop-1:1286 ] - [ INFO ]  Mapped "{[/restcontroller/v6.0/new/{project}],methods=[POST]}" onto public com.alibaba.fastjson.JSON cc.hansam.springmvc.controller.RestController.demo06(java.lang.String,javax.servlet.http.HttpServletRequest,java.lang.String,int,int)
2017-08-02 18:37:34  [ localhost-startStop-1:1287 ] - [ INFO ]  Mapped "{[/restcontroller/v2.0/new/{project}],methods=[GET]}" onto public cc.hansam.springmvc.po.Student cc.hansam.springmvc.controller.RestController.demo02(java.lang.String,javax.servlet.http.HttpServletRequest)
2017-08-02 18:37:34  [ localhost-startStop-1:1288 ] - [ INFO ]  Mapped "{[/restcontroller/v3.0/new/{project}],methods=[GET]}" onto public java.util.List<cc.hansam.springmvc.po.Student> cc.hansam.springmvc.controller.RestController.demo03(java.lang.String,javax.servlet.http.HttpServletRequest)
2017-08-02 18:37:34  [ localhost-startStop-1:1288 ] - [ INFO ]  Mapped "{[/restcontroller/v5.0/new/{project}],methods=[POST]}" onto public com.alibaba.fastjson.JSONObject cc.hansam.springmvc.controller.RestController.demo05(java.lang.String,javax.servlet.http.HttpServletRequest,java.lang.String)
2017-08-02 18:37:34  [ localhost-startStop-1:1290 ] - [ INFO ]  Mapped "{[/restcontroller/v4.0/new/{project}],methods=[GET]}" onto public com.alibaba.fastjson.JSONObject cc.hansam.springmvc.controller.RestController.demo04(java.lang.String,javax.servlet.http.HttpServletRequest)
2017-08-02 18:37:34  [ localhost-startStop-1:1291 ] - [ INFO ]  Mapped "{[/restcontroller/v1.0/new/{project}],methods=[GET]}" onto public java.lang.String cc.hansam.springmvc.controller.RestController.demo01(java.lang.String,javax.servlet.http.HttpServletRequest)
2017-08-02 18:37:34  [ localhost-startStop-1:1295 ] - [ INFO ]  Mapped "{[/student],methods=[GET]}" onto public org.springframework.web.servlet.ModelAndView cc.hansam.springmvc.controller.StudentController.student()
2017-08-02 18:37:34  [ localhost-startStop-1:1295 ] - [ INFO ]  Mapped "{[/ssm]}" onto public void cc.hansam.springmvc.controller.StudentController.test1()
2017-08-02 18:37:34  [ localhost-startStop-1:1296 ] - [ INFO ]  Mapped "{[/addStudent],methods=[POST]}" onto public java.lang.String cc.hansam.springmvc.controller.StudentController.addStudent(cc.hansam.springmvc.po.Student,org.springframework.ui.ModelMap)
2017-08-02 18:37:34  [ localhost-startStop-1:1524 ] - [ INFO ]  Looking for @ControllerAdvice: WebApplicationContext for namespace 'springmvc-servlet': startup date [Wed Aug 02 18:37:34 CST 2017]; parent: Root WebApplicationContext
2017-08-02 18:37:34  [ localhost-startStop-1:1559 ] - [ INFO ]  Looking for @ControllerAdvice: WebApplicationContext for namespace 'springmvc-servlet': startup date [Wed Aug 02 18:37:34 CST 2017]; parent: Root WebApplicationContext
2017-08-02 18:37:34  [ localhost-startStop-1:1646 ] - [ INFO ]  FrameworkServlet 'springmvc': initialization completed in 668 ms
2017-08-02 18:37:39  [ http-bio-8080-exec-1:6085 ] - [ INFO ]  null
2017-08-02 18:40:30  [ localhost-startStop-1:0 ] - [ INFO ]  Root WebApplicationContext: initialization started
2017-08-02 18:40:30  [ localhost-startStop-1:51 ] - [ INFO ]  Refreshing Root WebApplicationContext: startup date [Wed Aug 02 18:40:30 CST 2017]; root of context hierarchy
2017-08-02 18:40:30  [ localhost-startStop-1:88 ] - [ INFO ]  Loading XML bean definitions from class path resource [spring-mybatis.xml]
2017-08-02 18:40:31  [ localhost-startStop-1:468 ] - [ INFO ]  JSR-330 'javax.inject.Inject' annotation found and supported for autowiring
2017-08-02 18:40:31  [ localhost-startStop-1:956 ] - [ INFO ]  Root WebApplicationContext: initialization completed in 955 ms
2017-08-02 18:40:31  [ localhost-startStop-1:1006 ] - [ INFO ]  FrameworkServlet 'springmvc': initialization started
2017-08-02 18:40:31  [ localhost-startStop-1:1010 ] - [ INFO ]  Refreshing WebApplicationContext for namespace 'springmvc-servlet': startup date [Wed Aug 02 18:40:31 CST 2017]; parent: Root WebApplicationContext
2017-08-02 18:40:31  [ localhost-startStop-1:1010 ] - [ INFO ]  Loading XML bean definitions from class path resource [springmvc-servlet.xml]
2017-08-02 18:40:31  [ localhost-startStop-1:1142 ] - [ INFO ]  JSR-330 'javax.inject.Inject' annotation found and supported for autowiring
2017-08-02 18:40:31  [ localhost-startStop-1:1253 ] - [ INFO ]  Mapped URL path [/**] onto handler 'org.springframework.web.servlet.resource.DefaultServletHttpRequestHandler#0'
2017-08-02 18:40:31  [ localhost-startStop-1:1318 ] - [ INFO ]  Mapped "{[/hello],methods=[GET]}" onto public java.lang.String cc.hansam.springmvc.controller.HelloController.printHello(org.springframework.ui.ModelMap)
2017-08-02 18:40:31  [ localhost-startStop-1:1321 ] - [ INFO ]  Mapped "{[/restcontroller/v2.0/new/{project}],methods=[GET]}" onto public cc.hansam.springmvc.po.Student cc.hansam.springmvc.controller.RestController.demo02(java.lang.String,javax.servlet.http.HttpServletRequest)
2017-08-02 18:40:31  [ localhost-startStop-1:1322 ] - [ INFO ]  Mapped "{[/restcontroller/v5.0/new/{project}],methods=[POST]}" onto public com.alibaba.fastjson.JSONObject cc.hansam.springmvc.controller.RestController.demo05(java.lang.String,javax.servlet.http.HttpServletRequest,java.lang.String)
2017-08-02 18:40:31  [ localhost-startStop-1:1322 ] - [ INFO ]  Mapped "{[/restcontroller/v6.0/new/{project}],methods=[POST]}" onto public com.alibaba.fastjson.JSON cc.hansam.springmvc.controller.RestController.demo06(java.lang.String,javax.servlet.http.HttpServletRequest,java.lang.String,int,int)
2017-08-02 18:40:31  [ localhost-startStop-1:1322 ] - [ INFO ]  Mapped "{[/restcontroller/v3.0/new/{project}],methods=[GET]}" onto public java.util.List<cc.hansam.springmvc.po.Student> cc.hansam.springmvc.controller.RestController.demo03(java.lang.String,javax.servlet.http.HttpServletRequest)
2017-08-02 18:40:31  [ localhost-startStop-1:1323 ] - [ INFO ]  Mapped "{[/restcontroller/v1.0/new/{project}],methods=[GET]}" onto public java.lang.String cc.hansam.springmvc.controller.RestController.demo01(java.lang.String,javax.servlet.http.HttpServletRequest)
2017-08-02 18:40:31  [ localhost-startStop-1:1324 ] - [ INFO ]  Mapped "{[/restcontroller/v4.0/new/{project}],methods=[GET]}" onto public com.alibaba.fastjson.JSONObject cc.hansam.springmvc.controller.RestController.demo04(java.lang.String,javax.servlet.http.HttpServletRequest)
2017-08-02 18:40:31  [ localhost-startStop-1:1326 ] - [ INFO ]  Mapped "{[/ssm]}" onto public void cc.hansam.springmvc.controller.StudentController.test1()
2017-08-02 18:40:31  [ localhost-startStop-1:1327 ] - [ INFO ]  Mapped "{[/student],methods=[GET]}" onto public org.springframework.web.servlet.ModelAndView cc.hansam.springmvc.controller.StudentController.student()
2017-08-02 18:40:31  [ localhost-startStop-1:1327 ] - [ INFO ]  Mapped "{[/addStudent],methods=[POST]}" onto public java.lang.String cc.hansam.springmvc.controller.StudentController.addStudent(cc.hansam.springmvc.po.Student,org.springframework.ui.ModelMap)
2017-08-02 18:40:32  [ localhost-startStop-1:1543 ] - [ INFO ]  Looking for @ControllerAdvice: WebApplicationContext for namespace 'springmvc-servlet': startup date [Wed Aug 02 18:40:31 CST 2017]; parent: Root WebApplicationContext
2017-08-02 18:40:32  [ localhost-startStop-1:1583 ] - [ INFO ]  Looking for @ControllerAdvice: WebApplicationContext for namespace 'springmvc-servlet': startup date [Wed Aug 02 18:40:31 CST 2017]; parent: Root WebApplicationContext
2017-08-02 18:40:32  [ localhost-startStop-1:1655 ] - [ INFO ]  FrameworkServlet 'springmvc': initialization completed in 649 ms
2017-08-02 18:40:32  [ http-bio-8080-exec-2:2177 ] - [ INFO ]  null
2017-08-02 18:40:40  [ http-bio-8080-exec-3:9724 ] - [ INFO ]  null
2017-08-02 18:41:16  [ localhost-startStop-1:0 ] - [ INFO ]  Root WebApplicationContext: initialization started
2017-08-02 18:41:16  [ localhost-startStop-1:41 ] - [ INFO ]  Refreshing Root WebApplicationContext: startup date [Wed Aug 02 18:41:16 CST 2017]; root of context hierarchy
2017-08-02 18:41:16  [ localhost-startStop-1:72 ] - [ INFO ]  Loading XML bean definitions from class path resource [spring-mybatis.xml]
2017-08-02 18:41:17  [ localhost-startStop-1:360 ] - [ DEBUG ]  Identified candidate component class: file [E:\myworkspace\springweb\target\classes\cc\hansam\springmvc\dao\IStudentDao.class]
2017-08-02 18:41:17  [ localhost-startStop-1:361 ] - [ DEBUG ]  Creating MapperFactoryBean with name 'IStudentDao' and 'cc.hansam.springmvc.dao.IStudentDao' mapperInterface
2017-08-02 18:41:17  [ localhost-startStop-1:381 ] - [ INFO ]  JSR-330 'javax.inject.Inject' annotation found and supported for autowiring
2017-08-02 18:41:17  [ localhost-startStop-1:852 ] - [ INFO ]  Root WebApplicationContext: initialization completed in 851 ms
2017-08-02 18:41:17  [ localhost-startStop-1:883 ] - [ INFO ]  FrameworkServlet 'springmvc': initialization started
2017-08-02 18:41:17  [ localhost-startStop-1:885 ] - [ INFO ]  Refreshing WebApplicationContext for namespace 'springmvc-servlet': startup date [Wed Aug 02 18:41:17 CST 2017]; parent: Root WebApplicationContext
2017-08-02 18:41:17  [ localhost-startStop-1:886 ] - [ INFO ]  Loading XML bean definitions from class path resource [springmvc-servlet.xml]
2017-08-02 18:41:17  [ localhost-startStop-1:985 ] - [ INFO ]  JSR-330 'javax.inject.Inject' annotation found and supported for autowiring
2017-08-02 18:41:17  [ localhost-startStop-1:1107 ] - [ INFO ]  Mapped URL path [/**] onto handler 'org.springframework.web.servlet.resource.DefaultServletHttpRequestHandler#0'
2017-08-02 18:41:17  [ localhost-startStop-1:1174 ] - [ INFO ]  Mapped "{[/hello],methods=[GET]}" onto public java.lang.String cc.hansam.springmvc.controller.HelloController.printHello(org.springframework.ui.ModelMap)
2017-08-02 18:41:17  [ localhost-startStop-1:1177 ] - [ INFO ]  Mapped "{[/restcontroller/v6.0/new/{project}],methods=[POST]}" onto public com.alibaba.fastjson.JSON cc.hansam.springmvc.controller.RestController.demo06(java.lang.String,javax.servlet.http.HttpServletRequest,java.lang.String,int,int)
2017-08-02 18:41:17  [ localhost-startStop-1:1178 ] - [ INFO ]  Mapped "{[/restcontroller/v1.0/new/{project}],methods=[GET]}" onto public java.lang.String cc.hansam.springmvc.controller.RestController.demo01(java.lang.String,javax.servlet.http.HttpServletRequest)
2017-08-02 18:41:17  [ localhost-startStop-1:1178 ] - [ INFO ]  Mapped "{[/restcontroller/v2.0/new/{project}],methods=[GET]}" onto public cc.hansam.springmvc.po.Student cc.hansam.springmvc.controller.RestController.demo02(java.lang.String,javax.servlet.http.HttpServletRequest)
2017-08-02 18:41:17  [ localhost-startStop-1:1179 ] - [ INFO ]  Mapped "{[/restcontroller/v4.0/new/{project}],methods=[GET]}" onto public com.alibaba.fastjson.JSONObject cc.hansam.springmvc.controller.RestController.demo04(java.lang.String,javax.servlet.http.HttpServletRequest)
2017-08-02 18:41:17  [ localhost-startStop-1:1180 ] - [ INFO ]  Mapped "{[/restcontroller/v3.0/new/{project}],methods=[GET]}" onto public java.util.List<cc.hansam.springmvc.po.Student> cc.hansam.springmvc.controller.RestController.demo03(java.lang.String,javax.servlet.http.HttpServletRequest)
2017-08-02 18:41:17  [ localhost-startStop-1:1180 ] - [ INFO ]  Mapped "{[/restcontroller/v5.0/new/{project}],methods=[POST]}" onto public com.alibaba.fastjson.JSONObject cc.hansam.springmvc.controller.RestController.demo05(java.lang.String,javax.servlet.http.HttpServletRequest,java.lang.String)
2017-08-02 18:41:17  [ localhost-startStop-1:1182 ] - [ INFO ]  Mapped "{[/student],methods=[GET]}" onto public org.springframework.web.servlet.ModelAndView cc.hansam.springmvc.controller.StudentController.student()
2017-08-02 18:41:17  [ localhost-startStop-1:1182 ] - [ INFO ]  Mapped "{[/addStudent],methods=[POST]}" onto public java.lang.String cc.hansam.springmvc.controller.StudentController.addStudent(cc.hansam.springmvc.po.Student,org.springframework.ui.ModelMap)
2017-08-02 18:41:17  [ localhost-startStop-1:1183 ] - [ INFO ]  Mapped "{[/ssm]}" onto public void cc.hansam.springmvc.controller.StudentController.test1()
2017-08-02 18:41:18  [ localhost-startStop-1:1368 ] - [ INFO ]  Looking for @ControllerAdvice: WebApplicationContext for namespace 'springmvc-servlet': startup date [Wed Aug 02 18:41:17 CST 2017]; parent: Root WebApplicationContext
2017-08-02 18:41:18  [ localhost-startStop-1:1412 ] - [ INFO ]  Looking for @ControllerAdvice: WebApplicationContext for namespace 'springmvc-servlet': startup date [Wed Aug 02 18:41:17 CST 2017]; parent: Root WebApplicationContext
2017-08-02 18:41:18  [ localhost-startStop-1:1484 ] - [ INFO ]  FrameworkServlet 'springmvc': initialization completed in 601 ms
2017-08-02 18:41:22  [ http-bio-8080-exec-2:5510 ] - [ INFO ]  null
